<?xml version="1.0" encoding="UTF-8"?>
<!-- Generated by org.testng.reporters.JUnitReportReporter -->
<testsuite hostname="ramana-PC" name="automation.script.TestDriver" tests="5" failures="0" timestamp="31 Jul 2016 06:01:58 GMT" time="0.018" errors="0">
  <testcase name="executeTest" time="0.016" classname="automation.script.TestDriver"/>
  <testcase name="executeTest" time="0.000" classname="automation.script.TestDriver"/>
  <testcase name="executeTest" time="0.002" classname="automation.script.TestDriver"/>
  <testcase name="executeTest" time="0.000" classname="automation.script.TestDriver"/>
  <testcase name="executeTest" time="0.000" classname="automation.script.TestDriver"/>
</testsuite> <!-- automation.script.TestDriver -->
